{"name": "test_loginFailMethod", "status": "failed", "statusDetails": {"message": "AssertionError", "trace": "self = <AppiumFrameWork.tests.LoginPageTest.LoginTest testMethod=test_loginFailMethod>\n\n    @pytest.mark.run(order=1)\n    def test_loginFailMethod(self):\n        cl.allureLogs(\"App Launched.\")\n        # self.gt.clickLoginBtn()\n    \n        wait = WebDriverWait(self.driver, 20, poll_frequency=1,\n                             ignored_exceptions=[ElementNotVisibleException, ElementNotSelectableException,\n                                                 NoSuchElementException])\n        wait.until(lambda x: x.find_element_by_android_uiautomator(\n            'new UiScrollable(new UiSelector().scrollable(true)).scrollIntoView(new UiSelector().text(\"LOGIN\"))')).click()\n        self.gt.enterEmail()\n        self.gt.enterPassword2()\n        self.gt.clickOnLoginBtn()\n>       self.gt.verifyAdminScreen()\n\nLoginPageTest.py:55: \n_ _ _ _ _ _ _ _ _ _ _ _ _ _ _ _ _ _ _ _ _ _ _ _ _ _ _ _ _ _ _ _ _ _ _ _ _ _ _ _ _ _ _ _ _ _ _ _ _ _ _ _ _ _ _ _ _ _ _ _ _ _ _ _ _ _ _ _ _ _ _ _ _ _ _ _ _ _ _ _ _ _\n\nself = <AppiumFrameWork.pages.LoginPage.LoginPage object at 0x7f60cea27910>\n\n    def verifyAdminScreen(self):\n        adminscreen = self.isDisplayed(self._pageTitle,\"text\")\n>       assert adminscreen == True\nE       AssertionError\n\n../pages/LoginPage.py:45: AssertionError"}, "steps": [{"name": "App Launched.", "status": "passed", "start": 1603462723057, "stop": 1603462723057}, {"name": "Entered Email.", "status": "passed", "start": 1603462728803, "stop": 1603462728803}, {"name": "Entered Password.", "status": "passed", "start": 1603462729945, "stop": 1603462729945}, {"name": "Clicked on Login Button.", "status": "passed", "start": 1603462730599, "stop": 1603462730600}], "attachments": [{"name": "text", "source": "870d259d-7825-4de0-86b3-1ff2bb822e69-attachment.png", "type": "image/png"}, {"name": "log", "source": "bfa2f25e-d6c0-4abf-bd79-3022fa68753a-attachment.txt", "type": "text/plain"}, {"name": "stdout", "source": "d43a6c7f-7dfa-42d8-a3db-cec8c423c4c8-attachment.txt", "type": "text/plain"}], "start": 1603462723057, "stop": 1603462751548, "uuid": "0432652a-c984-4892-ac6e-1fc344345023", "historyId": "95499174688509a4487d80b6410c2e58", "testCaseId": "7d78aa3e57d37254643051d36844928d", "fullName": "LoginPageTest.LoginTest#test_loginFailMethod", "labels": [{"name": "tag", "value": "run(order=1)"}, {"name": "tag", "value": "@pytest.mark.usefixtures('beforeClass', 'setUp')"}, {"name": "suite", "value": "LoginPageTest"}, {"name": "subSuite", "value": "LoginTest"}, {"name": "host", "value": "candi-ThinkPad-E480"}, {"name": "thread", "value": "18029-MainThread"}, {"name": "framework", "value": "pytest"}, {"name": "language", "value": "cpython3"}, {"name": "package", "value": "LoginPageTest"}]}