{"name": "test_loginFailMethod", "status": "failed", "statusDetails": {"message": "AssertionError", "trace": "self = <AppiumFrameWork.tests.LoginPageTest.LoginTest testMethod=test_loginFailMethod>\n\n    @pytest.mark.run(order=1)\n    def test_loginFailMethod(self):\n        cl.allureLogs(\"App Launched.\")\n        # self.gt.clickLoginBtn()\n    \n        wait = WebDriverWait(self.driver, 20, poll_frequency=1,\n                             ignored_exceptions=[ElementNotVisibleException, ElementNotSelectableException,\n                                                 NoSuchElementException])\n        wait.until(lambda x: x.find_element_by_android_uiautomator(\n            'new UiScrollable(new UiSelector().scrollable(true)).scrollIntoView(new UiSelector().text(\"LOGIN\"))')).click()\n        self.gt.enterEmail()\n        self.gt.enterPassword2()\n        self.gt.clickOnLoginBtn()\n>       self.gt.verifyAdminScreen()\n\nLoginPageTest.py:55: \n_ _ _ _ _ _ _ _ _ _ _ _ _ _ _ _ _ _ _ _ _ _ _ _ _ _ _ _ _ _ _ _ _ _ _ _ _ _ _ _ _ _ _ _ _ _ _ _ _ _ _ _ _ _ _ _ _ _ _ _ _ _ _ _ _ _ _ _ _ _ _ _ _ _ _ _ _ _ _ _ _ _\n\nself = <AppiumFrameWork.pages.LoginPage.LoginPage object at 0x7fcd0d8eea50>\n\n    def verifyAdminScreen(self):\n        adminscreen = self.isDisplayed(self._pageTitle,\"text\")\n>       assert adminscreen == True\nE       AssertionError\n\n../pages/LoginPage.py:45: AssertionError"}, "steps": [{"name": "App Launched.", "status": "passed", "start": 1603462173465, "stop": 1603462173465}, {"name": "Entered Email.", "status": "passed", "start": 1603462179130, "stop": 1603462179130}, {"name": "Entered Password.", "status": "passed", "start": 1603462180276, "stop": 1603462180276}, {"name": "Entered Password.", "status": "passed", "start": 1603462180921, "stop": 1603462180921}], "attachments": [{"name": "log", "source": "c7d7e78d-bcdc-4769-b433-bba534a009fb-attachment.txt", "type": "text/plain"}, {"name": "stdout", "source": "e9d2a369-0f42-493e-9217-7c8faf34f0aa-attachment.txt", "type": "text/plain"}], "start": 1603462173464, "stop": 1603462201872, "uuid": "72e4ccc3-d833-4490-9234-7eaa9aa9977f", "historyId": "95499174688509a4487d80b6410c2e58", "testCaseId": "7d78aa3e57d37254643051d36844928d", "fullName": "LoginPageTest.LoginTest#test_loginFailMethod", "labels": [{"name": "tag", "value": "run(order=1)"}, {"name": "tag", "value": "@pytest.mark.usefixtures('beforeClass', 'setUp')"}, {"name": "suite", "value": "LoginPageTest"}, {"name": "subSuite", "value": "LoginTest"}, {"name": "host", "value": "candi-ThinkPad-E480"}, {"name": "thread", "value": "16661-MainThread"}, {"name": "framework", "value": "pytest"}, {"name": "language", "value": "cpython3"}, {"name": "package", "value": "LoginPageTest"}]}