{"name": "test_loginFailMethod", "status": "failed", "statusDetails": {"message": "AssertionError", "trace": "self = <AppiumFrameWork.tests.LoginPageTest.LoginTest testMethod=test_loginFailMethod>\n\n    @pytest.mark.run(order=3)\n    def test_loginFailMethod(self):\n        cl.allureLogs(\"App Launched.\")\n    \n        self.gt.scrollAndClick()\n    \n        # wait = WebDriverWait(self.driver, 20, poll_frequency=1,\n        #                      ignored_exceptions=[ElementNotVisibleException, ElementNotSelectableException,\n        #                                          NoSuchElementException])\n        # wait.until(lambda x: x.find_element_by_android_uiautomator(\n        #     'new UiScrollable(new UiSelector().scrollable(true)).scrollIntoView(new UiSelector().text(\"LOGIN\"))')).click()\n        self.gt.enterEmail()\n        self.gt.enterPassword2()\n        self.gt.clickOnLoginBtn()\n>       self.gt.verifyAdminScreen()\n\nLoginPageTest.py:56: \n_ _ _ _ _ _ _ _ _ _ _ _ _ _ _ _ _ _ _ _ _ _ _ _ _ _ _ _ _ _ _ _ _ _ _ _ _ _ _ _ _ _ _ _ _ _ _ _ _ _ _ _ _ _ _ _ _ _ _ _ _ _ _ _ _ _ _ _ _ _ _ _ _ _ _ _ _ _ _ _ _ _\n\nself = <AppiumFrameWork.pages.LoginPage.LoginPage object at 0x7faf656c8b90>\n\n    def verifyAdminScreen(self):\n        adminscreen = self.isDisplayed(self._pageTitle,\"text\")\n>       assert adminscreen == True\nE       AssertionError\n\n../pages/LoginPage.py:45: AssertionError"}, "steps": [{"name": "App Launched.", "status": "passed", "start": 1604677179194, "stop": 1604677179194}, {"name": "Scrolled to Login Button and Clicked on it.", "status": "passed", "start": 1604677183980, "stop": 1604677183980}, {"name": "Entered Email.", "status": "passed", "start": 1604677184696, "stop": 1604677184696}, {"name": "Entered Password.", "status": "passed", "start": 1604677185835, "stop": 1604677185835}, {"name": "Clicked on Login Button.", "status": "passed", "start": 1604677186517, "stop": 1604677186517}], "attachments": [{"name": "text", "source": "e2f869c4-33df-4eef-8383-ed6eea699b8d-attachment.png", "type": "image/png"}, {"name": "log", "source": "d47f865f-301e-46e2-a9ca-79d6aaeab774-attachment.txt", "type": "text/plain"}, {"name": "stdout", "source": "14d26e86-a650-426e-8407-33ddf646849a-attachment.txt", "type": "text/plain"}], "start": 1604677179194, "stop": 1604677207957, "uuid": "e9a65859-0fb1-444e-a320-f5a8831a1ab2", "historyId": "95499174688509a4487d80b6410c2e58", "testCaseId": "7d78aa3e57d37254643051d36844928d", "fullName": "LoginPageTest.LoginTest#test_loginFailMethod", "labels": [{"name": "tag", "value": "@pytest.mark.usefixtures('beforeClass', 'setUp')"}, {"name": "tag", "value": "run(order=3)"}, {"name": "suite", "value": "LoginPageTest"}, {"name": "subSuite", "value": "LoginTest"}, {"name": "host", "value": "candi-ThinkPad-E480"}, {"name": "thread", "value": "32490-MainThread"}, {"name": "framework", "value": "pytest"}, {"name": "language", "value": "cpython3"}, {"name": "package", "value": "LoginPageTest"}]}