{"name": "test_openloginpage", "status": "failed", "statusDetails": {"message": "AssertionError", "trace": "self = <AppiumFrameWork.pages.LoginPage.LoginPage object at 0x7fe36c599690>, text = 'admin@gmail.com', locatorValue = 'Enter Email', locatorType = 'text'\n\n    def sendText(self, text, locatorValue, locatorType=\"id\"):\n        element = None\n        try:\n            locatorType = locatorType.lower()\n>           element = self.waitForElement(locatorValue, locatorType)\n\n../base/BasePage.py:94: \n_ _ _ _ _ _ _ _ _ _ _ _ _ _ _ _ _ _ _ _ _ _ _ _ _ _ _ _ _ _ _ _ _ _ _ _ _ _ _ _ _ _ _ _ _ _ _ _ _ _ _ _ _ _ _ _ _ _ _ _ _ _ _ _ _ _ _ _ _ _ _ _ _ _ _ _ _ _ _ _ _ _\n\nself = <AppiumFrameWork.pages.LoginPage.LoginPage object at 0x7fe36c599690>, locatorValue = 'Enter Email', locatorType = 'text'\n\n    def waitForElement(self, locatorValue, locatorType):\n        locatorType = locatorType.lower()\n        element = None\n        wait = WebDriverWait(self.driver, 20, poll_frequency=1,\n                             ignored_exceptions=[ElementNotVisibleException, ElementNotSelectableException,\n                                                 NoSuchElementException])\n        if locatorType == \"id\":\n            element = wait.until(lambda x: x.find_element_by_id(locatorValue))\n            return element\n        elif locatorType == \"class\":\n            element = wait.until(lambda x: x.find_element_by_class(locatorValue))\n            return element\n        elif locatorType ==\"des\":\n            element = wait.until(lambda x: x.find_element_by_android_uiautomator('UiSelector().description(\"%s\")' %(locatorValue)))\n            return element\n        elif locatorType == \"index\":\n            element = wait.until(lambda x: x.find_element_by_android_uiautomator('UiSelector().index(\"%d\")' %int(locatorValue)))\n            return element\n        elif locatorType == \"text\":\n>           element = wait.until(lambda x: x.find_element_by_android_uiautomator('text(\"%s\")' %(locatorValue)))\n\n../base/BasePage.py:34: \n_ _ _ _ _ _ _ _ _ _ _ _ _ _ _ _ _ _ _ _ _ _ _ _ _ _ _ _ _ _ _ _ _ _ _ _ _ _ _ _ _ _ _ _ _ _ _ _ _ _ _ _ _ _ _ _ _ _ _ _ _ _ _ _ _ _ _ _ _ _ _ _ _ _ _ _ _ _ _ _ _ _\n\nself = <selenium.webdriver.support.wait.WebDriverWait (session=\"fdb4feec-32bd-4da1-a1e4-708727eb93a8\")>\nmethod = <function BasePage.waitForElement.<locals>.<lambda> at 0x7fe36b5d13b0>, message = ''\n\n    def until(self, method, message=''):\n        \"\"\"Calls the method provided with the driver as an argument until the \\\n        return value is not False.\"\"\"\n        screen = None\n        stacktrace = None\n    \n        end_time = time.time() + self._timeout\n        while True:\n            try:\n                value = method(self._driver)\n                if value:\n                    return value\n            except self._ignored_exceptions as exc:\n                screen = getattr(exc, 'screen', None)\n                stacktrace = getattr(exc, 'stacktrace', None)\n            time.sleep(self._poll)\n            if time.time() > end_time:\n                break\n>       raise TimeoutException(message, screen, stacktrace)\nE       selenium.common.exceptions.TimeoutException: Message:\n\n../../venv/lib/python3.7/site-packages/selenium/webdriver/support/wait.py:80: TimeoutException\n\nDuring handling of the above exception, another exception occurred:\n\nself = <AppiumFrameWork.tests.LoginPageTest.LoginTest testMethod=test_openloginpage>\n\n    @pytest.mark.run(order=1)\n    def test_openloginpage(self):\n        cl.allureLogs(\"App Launched.\")\n        self.gt.clickLoginBtn()\n>       self.gt.enterEmail()\n\nLoginPageTest.py:28: \n_ _ _ _ _ _ _ _ _ _ _ _ _ _ _ _ _ _ _ _ _ _ _ _ _ _ _ _ _ _ _ _ _ _ _ _ _ _ _ _ _ _ _ _ _ _ _ _ _ _ _ _ _ _ _ _ _ _ _ _ _ _ _ _ _ _ _ _ _ _ _ _ _ _ _ _ _ _ _ _ _ _\n../pages/LoginPage.py:27: in enterEmail\n    self.sendText(\"admin@gmail.com\", self._enterEmail, \"text\")\n_ _ _ _ _ _ _ _ _ _ _ _ _ _ _ _ _ _ _ _ _ _ _ _ _ _ _ _ _ _ _ _ _ _ _ _ _ _ _ _ _ _ _ _ _ _ _ _ _ _ _ _ _ _ _ _ _ _ _ _ _ _ _ _ _ _ _ _ _ _ _ _ _ _ _ _ _ _ _ _ _ _\n\nself = <AppiumFrameWork.pages.LoginPage.LoginPage object at 0x7fe36c599690>, text = 'admin@gmail.com', locatorValue = 'Enter Email', locatorType = 'text'\n\n    def sendText(self, text, locatorValue, locatorType=\"id\"):\n        element = None\n        try:\n            locatorType = locatorType.lower()\n            element = self.waitForElement(locatorValue, locatorType)\n            element.send_keys(text)\n            self.log.info(\"Send text on element found with locator Type: \" + locatorType + \" and with locator value: \" + locatorValue)\n        except:\n            self.log.info(\"Unable to send text on element with locator Type: \" + locatorType + \" and with locator value: \" + locatorValue)\n            self.takeScreenShot(locatorType)\n>           assert False\nE           AssertionError\n\n../base/BasePage.py:100: AssertionError"}, "steps": [{"name": "App Launched.", "status": "passed", "start": 1603383544080, "stop": 1603383544080}, {"name": "Clicked on Login Button.", "status": "passed", "start": 1603383564618, "stop": 1603383564619}], "attachments": [{"name": "text", "source": "5e4216df-4737-4733-8399-17a8681a28d3-attachment.png", "type": "image/png"}, {"name": "log", "source": "4d27d97a-38a3-4ce8-9616-20ca2b6fd8dd-attachment.txt", "type": "text/plain"}, {"name": "stdout", "source": "21e2d01b-852e-4d8d-9ae1-dc771ba132b6-attachment.txt", "type": "text/plain"}], "start": 1603383544079, "stop": 1603383586107, "uuid": "276c24a6-c2dd-4689-becf-11d4e54f5039", "historyId": "661b8f505623194a6bc3deedb6b71506", "testCaseId": "969a6839e0554993346791e4b40389b0", "fullName": "LoginPageTest.LoginTest#test_openloginpage", "labels": [{"name": "tag", "value": "@pytest.mark.usefixtures('beforeClass', 'setUp')"}, {"name": "tag", "value": "run(order=1)"}, {"name": "suite", "value": "LoginPageTest"}, {"name": "subSuite", "value": "LoginTest"}, {"name": "host", "value": "candi-ThinkPad-E480"}, {"name": "thread", "value": "305-MainThread"}, {"name": "framework", "value": "pytest"}, {"name": "language", "value": "cpython3"}, {"name": "package", "value": "LoginPageTest"}]}