{"name": "test_openloginpage", "status": "failed", "statusDetails": {"message": "AssertionError", "trace": "self = <AppiumFrameWork.tests.LoginPageTest.LoginTest testMethod=test_openloginpage>\n\n    @pytest.mark.run(order=1)\n    def test_openloginpage(self):\n        cl.allureLogs(\"App Launched.\")\n        self.gt.clickLoginBtn()\n        self.gt.enterEmail()\n        self.gt.enterPassword()\n        self.gt.clickOnLoginBtn()\n>       self.gt.verifyAdminScreen()\n\nLoginPageTest.py:31: \n_ _ _ _ _ _ _ _ _ _ _ _ _ _ _ _ _ _ _ _ _ _ _ _ _ _ _ _ _ _ _ _ _ _ _ _ _ _ _ _ _ _ _ _ _ _ _ _ _ _ _ _ _ _ _ _ _ _ _ _ _ _ _ _ _ _ _ _ _ _ _ _ _ _ _ _ _ _ _ _ _ _\n\nself = <AppiumFrameWork.pages.LoginPage.LoginPage object at 0x7fc08c7e3d50>\n\n    def verifyAdminScreen(self):\n        adminscreen = self.isDisplayed(self._pageTitle,\"text\")\n>       assert adminscreen == \"Enter Admin\"\nE       AssertionError\n\n../pages/LoginPage.py:40: AssertionError"}, "steps": [{"name": "App Launched.", "status": "passed", "start": 1603383248119, "stop": 1603383248119}, {"name": "Clicked on Login Button.", "status": "passed", "start": 1603383252177, "stop": 1603383252177}, {"name": "Entered Email.", "status": "passed", "start": 1603383253822, "stop": 1603383253822}, {"name": "Entered Password.", "status": "passed", "start": 1603383254976, "stop": 1603383254976}, {"name": "Entered Password.", "status": "passed", "start": 1603383255607, "stop": 1603383255607}], "attachments": [{"name": "log", "source": "20293889-91dc-4b6a-abea-5779b3be0d6e-attachment.txt", "type": "text/plain"}, {"name": "stdout", "source": "0f83e86c-0a9c-4fde-af2e-72510c01f411-attachment.txt", "type": "text/plain"}], "start": 1603383248118, "stop": 1603383256843, "uuid": "97de2123-9682-4040-b568-12822373905d", "historyId": "661b8f505623194a6bc3deedb6b71506", "testCaseId": "969a6839e0554993346791e4b40389b0", "fullName": "LoginPageTest.LoginTest#test_openloginpage", "labels": [{"name": "tag", "value": "@pytest.mark.usefixtures('beforeClass', 'setUp')"}, {"name": "tag", "value": "run(order=1)"}, {"name": "suite", "value": "LoginPageTest"}, {"name": "subSuite", "value": "LoginTest"}, {"name": "host", "value": "candi-ThinkPad-E480"}, {"name": "thread", "value": "32014-MainThread"}, {"name": "framework", "value": "pytest"}, {"name": "language", "value": "cpython3"}, {"name": "package", "value": "LoginPageTest"}]}