{"name": "test_enterDataInAdmin", "status": "failed", "statusDetails": {"message": "AssertionError", "trace": "self = <AppiumFrameWork.pages.LoginPage.LoginPage object at 0x7f0af2c1b310>, text = 'Candi', locatorValue = 'com.code2lead.kwad:id/Edt_admin', locatorType = 'id'\n\n    def sendText(self, text, locatorValue, locatorType=\"id\"):\n        element = None\n        try:\n            locatorType = locatorType.lower()\n>           element = self.waitForElement(locatorValue, locatorType)\n\n../base/BasePage.py:97: \n_ _ _ _ _ _ _ _ _ _ _ _ _ _ _ _ _ _ _ _ _ _ _ _ _ _ _ _ _ _ _ _ _ _ _ _ _ _ _ _ _ _ _ _ _ _ _ _ _ _ _ _ _ _ _ _ _ _ _ _ _ _ _ _ _ _ _ _ _ _ _ _ _ _ _ _ _ _ _ _ _ _\n\nself = <AppiumFrameWork.pages.LoginPage.LoginPage object at 0x7f0af2c1b310>, locatorValue = 'com.code2lead.kwad:id/Edt_admin', locatorType = 'id'\n\n    def waitForElement(self, locatorValue, locatorType):\n        locatorType = locatorType.lower()\n        element = None\n        wait = WebDriverWait(self.driver, 20, poll_frequency=1,\n                             ignored_exceptions=[ElementNotVisibleException, ElementNotSelectableException,\n                                                 NoSuchElementException])\n        if locatorType == \"id\":\n>           element = wait.until(lambda x: x.find_element_by_android_uiautomator(\n                'new UiScrollable(new UiSelector().scrollable(true)).scrollIntoView(new UiSelector().id(locatorValue))'))\n\n../base/BasePage.py:22: \n_ _ _ _ _ _ _ _ _ _ _ _ _ _ _ _ _ _ _ _ _ _ _ _ _ _ _ _ _ _ _ _ _ _ _ _ _ _ _ _ _ _ _ _ _ _ _ _ _ _ _ _ _ _ _ _ _ _ _ _ _ _ _ _ _ _ _ _ _ _ _ _ _ _ _ _ _ _ _ _ _ _\n\nself = <selenium.webdriver.support.wait.WebDriverWait (session=\"3c8a98b1-218e-4ee8-808d-67c66b0a5fdd\")>\nmethod = <function BasePage.waitForElement.<locals>.<lambda> at 0x7f0af2c82b00>, message = ''\n\n    def until(self, method, message=''):\n        \"\"\"Calls the method provided with the driver as an argument until the \\\n        return value is not False.\"\"\"\n        screen = None\n        stacktrace = None\n    \n        end_time = time.time() + self._timeout\n        while True:\n            try:\n                value = method(self._driver)\n                if value:\n                    return value\n            except self._ignored_exceptions as exc:\n                screen = getattr(exc, 'screen', None)\n                stacktrace = getattr(exc, 'stacktrace', None)\n            time.sleep(self._poll)\n            if time.time() > end_time:\n                break\n>       raise TimeoutException(message, screen, stacktrace)\nE       selenium.common.exceptions.TimeoutException: Message:\n\n../../venv/lib/python3.7/site-packages/selenium/webdriver/support/wait.py:80: TimeoutException\n\nDuring handling of the above exception, another exception occurred:\n\nself = <AppiumFrameWork.tests.LoginPageTest.LoginTest testMethod=test_enterDataInAdmin>\n\n    @pytest.mark.run(order=2)\n    def test_enterDataInAdmin(self):\n>       self.gt.enterAdmin()\n\nLoginPageTest.py:23: \n_ _ _ _ _ _ _ _ _ _ _ _ _ _ _ _ _ _ _ _ _ _ _ _ _ _ _ _ _ _ _ _ _ _ _ _ _ _ _ _ _ _ _ _ _ _ _ _ _ _ _ _ _ _ _ _ _ _ _ _ _ _ _ _ _ _ _ _ _ _ _ _ _ _ _ _ _ _ _ _ _ _\n../pages/LoginPage.py:45: in enterAdmin\n    self.sendText(\"Candi\", self._enterAdmin, \"id\")\n_ _ _ _ _ _ _ _ _ _ _ _ _ _ _ _ _ _ _ _ _ _ _ _ _ _ _ _ _ _ _ _ _ _ _ _ _ _ _ _ _ _ _ _ _ _ _ _ _ _ _ _ _ _ _ _ _ _ _ _ _ _ _ _ _ _ _ _ _ _ _ _ _ _ _ _ _ _ _ _ _ _\n\nself = <AppiumFrameWork.pages.LoginPage.LoginPage object at 0x7f0af2c1b310>, text = 'Candi', locatorValue = 'com.code2lead.kwad:id/Edt_admin', locatorType = 'id'\n\n    def sendText(self, text, locatorValue, locatorType=\"id\"):\n        element = None\n        try:\n            locatorType = locatorType.lower()\n            element = self.waitForElement(locatorValue, locatorType)\n            element.send_keys(text)\n            self.log.info(\"Send text on element found with locator Type: \" + locatorType + \" and with locator value: \" + locatorValue)\n        except:\n            self.log.info(\"Unable to send text on element with locator Type: \" + locatorType + \" and with locator value: \" + locatorValue)\n            self.takeScreenShot(locatorType)\n>           assert False\nE           AssertionError\n\n../base/BasePage.py:103: AssertionError"}, "attachments": [{"name": "id", "source": "1bfb9ea5-ee11-462d-a971-276909055e27-attachment.png", "type": "image/png"}, {"name": "log", "source": "8cb7adc3-a85e-49ab-876d-27f8fd30cf6d-attachment.txt", "type": "text/plain"}, {"name": "stdout", "source": "0400d9b2-ff43-42fa-ba55-a515529626e1-attachment.txt", "type": "text/plain"}], "start": 1603386671832, "stop": 1603386692658, "uuid": "05d33f4e-9c02-4c3a-8fbe-10e91cfe2a0f", "historyId": "7a4c556c887161456fa57ed193e7c3d8", "testCaseId": "a40c4d136b740cf727260ab05848647f", "fullName": "LoginPageTest.LoginTest#test_enterDataInAdmin", "labels": [{"name": "tag", "value": "run(order=2)"}, {"name": "tag", "value": "@pytest.mark.usefixtures('beforeClass', 'setUp')"}, {"name": "suite", "value": "LoginPageTest"}, {"name": "subSuite", "value": "LoginTest"}, {"name": "host", "value": "candi-ThinkPad-E480"}, {"name": "thread", "value": "6586-MainThread"}, {"name": "framework", "value": "pytest"}, {"name": "language", "value": "cpython3"}, {"name": "package", "value": "LoginPageTest"}]}