{"name": "test_enterDataInAdmin", "status": "failed", "statusDetails": {"message": "AssertionError", "trace": "self = <AppiumFrameWork.pages.LoginPage.LoginPage object at 0x7fe36b1dc310>, text = 'Candi', locatorValue = 'com.code2lead.kwad:id/Edt_admin', locatorType = 'id'\n\n    def sendText(self, text, locatorValue, locatorType=\"id\"):\n        element = None\n        try:\n            locatorType = locatorType.lower()\n>           element = self.waitForElement(locatorValue, locatorType)\n\n../base/BasePage.py:94: \n_ _ _ _ _ _ _ _ _ _ _ _ _ _ _ _ _ _ _ _ _ _ _ _ _ _ _ _ _ _ _ _ _ _ _ _ _ _ _ _ _ _ _ _ _ _ _ _ _ _ _ _ _ _ _ _ _ _ _ _ _ _ _ _ _ _ _ _ _ _ _ _ _ _ _ _ _ _ _ _ _ _\n\nself = <AppiumFrameWork.pages.LoginPage.LoginPage object at 0x7fe36b1dc310>, locatorValue = 'com.code2lead.kwad:id/Edt_admin', locatorType = 'id'\n\n    def waitForElement(self, locatorValue, locatorType):\n        locatorType = locatorType.lower()\n        element = None\n        wait = WebDriverWait(self.driver, 20, poll_frequency=1,\n                             ignored_exceptions=[ElementNotVisibleException, ElementNotSelectableException,\n                                                 NoSuchElementException])\n        if locatorType == \"id\":\n>           element = wait.until(lambda x: x.find_element_by_id(locatorValue))\n\n../base/BasePage.py:22: \n_ _ _ _ _ _ _ _ _ _ _ _ _ _ _ _ _ _ _ _ _ _ _ _ _ _ _ _ _ _ _ _ _ _ _ _ _ _ _ _ _ _ _ _ _ _ _ _ _ _ _ _ _ _ _ _ _ _ _ _ _ _ _ _ _ _ _ _ _ _ _ _ _ _ _ _ _ _ _ _ _ _\n\nself = <selenium.webdriver.support.wait.WebDriverWait (session=\"fdb4feec-32bd-4da1-a1e4-708727eb93a8\")>\nmethod = <function BasePage.waitForElement.<locals>.<lambda> at 0x7fe36b22b290>, message = ''\n\n    def until(self, method, message=''):\n        \"\"\"Calls the method provided with the driver as an argument until the \\\n        return value is not False.\"\"\"\n        screen = None\n        stacktrace = None\n    \n        end_time = time.time() + self._timeout\n        while True:\n            try:\n                value = method(self._driver)\n                if value:\n                    return value\n            except self._ignored_exceptions as exc:\n                screen = getattr(exc, 'screen', None)\n                stacktrace = getattr(exc, 'stacktrace', None)\n            time.sleep(self._poll)\n            if time.time() > end_time:\n                break\n>       raise TimeoutException(message, screen, stacktrace)\nE       selenium.common.exceptions.TimeoutException: Message:\n\n../../venv/lib/python3.7/site-packages/selenium/webdriver/support/wait.py:80: TimeoutException\n\nDuring handling of the above exception, another exception occurred:\n\nself = <AppiumFrameWork.tests.LoginPageTest.LoginTest testMethod=test_enterDataInAdmin>\n\n    @pytest.mark.run(order=2)\n    def test_enterDataInAdmin(self):\n>       self.gt.enterAdmin()\n\nLoginPageTest.py:21: \n_ _ _ _ _ _ _ _ _ _ _ _ _ _ _ _ _ _ _ _ _ _ _ _ _ _ _ _ _ _ _ _ _ _ _ _ _ _ _ _ _ _ _ _ _ _ _ _ _ _ _ _ _ _ _ _ _ _ _ _ _ _ _ _ _ _ _ _ _ _ _ _ _ _ _ _ _ _ _ _ _ _\n../pages/LoginPage.py:44: in enterAdmin\n    self.sendText(\"Candi\", self._enterAdmin, \"id\")\n_ _ _ _ _ _ _ _ _ _ _ _ _ _ _ _ _ _ _ _ _ _ _ _ _ _ _ _ _ _ _ _ _ _ _ _ _ _ _ _ _ _ _ _ _ _ _ _ _ _ _ _ _ _ _ _ _ _ _ _ _ _ _ _ _ _ _ _ _ _ _ _ _ _ _ _ _ _ _ _ _ _\n\nself = <AppiumFrameWork.pages.LoginPage.LoginPage object at 0x7fe36b1dc310>, text = 'Candi', locatorValue = 'com.code2lead.kwad:id/Edt_admin', locatorType = 'id'\n\n    def sendText(self, text, locatorValue, locatorType=\"id\"):\n        element = None\n        try:\n            locatorType = locatorType.lower()\n            element = self.waitForElement(locatorValue, locatorType)\n            element.send_keys(text)\n            self.log.info(\"Send text on element found with locator Type: \" + locatorType + \" and with locator value: \" + locatorValue)\n        except:\n            self.log.info(\"Unable to send text on element with locator Type: \" + locatorType + \" and with locator value: \" + locatorValue)\n            self.takeScreenShot(locatorType)\n>           assert False\nE           AssertionError\n\n../base/BasePage.py:100: AssertionError"}, "attachments": [{"name": "id", "source": "c9f4dde1-cc28-4849-bb5b-270bc1e9b657-attachment.png", "type": "image/png"}, {"name": "log", "source": "a040e0a3-efc7-4278-a865-ce4412c3803c-attachment.txt", "type": "text/plain"}, {"name": "stdout", "source": "98d95d0f-7312-4867-a14e-be942a440382-attachment.txt", "type": "text/plain"}], "start": 1603383586148, "stop": 1603383607014, "uuid": "6aabf135-eab8-4d0d-af5e-8c597321a5ea", "historyId": "7a4c556c887161456fa57ed193e7c3d8", "testCaseId": "a40c4d136b740cf727260ab05848647f", "fullName": "LoginPageTest.LoginTest#test_enterDataInAdmin", "labels": [{"name": "tag", "value": "@pytest.mark.usefixtures('beforeClass', 'setUp')"}, {"name": "tag", "value": "run(order=2)"}, {"name": "suite", "value": "LoginPageTest"}, {"name": "subSuite", "value": "LoginTest"}, {"name": "host", "value": "candi-ThinkPad-E480"}, {"name": "thread", "value": "305-MainThread"}, {"name": "framework", "value": "pytest"}, {"name": "language", "value": "cpython3"}, {"name": "package", "value": "LoginPageTest"}]}