{"name": "test_enterDataInAdmin", "status": "failed", "statusDetails": {"message": "AssertionError", "trace": "self = <AppiumFrameWork.pages.LoginPage.LoginPage object at 0x7f4ac907ad90>, text = 'Candi', locatorValue = 'com.code2lead.kwad:id/Edt_admin', locatorType = 'id'\n\n    def sendText(self, text, locatorValue, locatorType=\"id\"):\n        element = None\n        try:\n            locatorType = locatorType.lower()\n>           element = self.waitForElement(locatorValue, locatorType)\n\n../base/BasePage.py:95: \n_ _ _ _ _ _ _ _ _ _ _ _ _ _ _ _ _ _ _ _ _ _ _ _ _ _ _ _ _ _ _ _ _ _ _ _ _ _ _ _ _ _ _ _ _ _ _ _ _ _ _ _ _ _ _ _ _ _ _ _ _ _ _ _ _ _ _ _ _ _ _ _ _ _ _ _ _ _ _ _ _ _\n\nself = <AppiumFrameWork.pages.LoginPage.LoginPage object at 0x7f4ac907ad90>, locatorValue = 'com.code2lead.kwad:id/Edt_admin', locatorType = 'id'\n\n    def waitForElement(self, locatorValue, locatorType):\n        locatorType = locatorType.lower()\n        element = None\n        wait = WebDriverWait(self.driver, 20, poll_frequency=1,\n                             ignored_exceptions=[ElementNotVisibleException, ElementNotSelectableException,\n                                                 NoSuchElementException])\n        if locatorType == \"id\":\n>           element = wait.until(lambda x: x.find_element_by_id(locatorValue))\n\n../base/BasePage.py:22: \n_ _ _ _ _ _ _ _ _ _ _ _ _ _ _ _ _ _ _ _ _ _ _ _ _ _ _ _ _ _ _ _ _ _ _ _ _ _ _ _ _ _ _ _ _ _ _ _ _ _ _ _ _ _ _ _ _ _ _ _ _ _ _ _ _ _ _ _ _ _ _ _ _ _ _ _ _ _ _ _ _ _\n\nself = <selenium.webdriver.support.wait.WebDriverWait (session=\"9f05cf6a-d11e-4418-ac32-d05605e1535b\")>\nmethod = <function BasePage.waitForElement.<locals>.<lambda> at 0x7f4ac90d0320>, message = ''\n\n    def until(self, method, message=''):\n        \"\"\"Calls the method provided with the driver as an argument until the \\\n        return value is not False.\"\"\"\n        screen = None\n        stacktrace = None\n    \n        end_time = time.time() + self._timeout\n        while True:\n            try:\n                value = method(self._driver)\n                if value:\n                    return value\n            except self._ignored_exceptions as exc:\n                screen = getattr(exc, 'screen', None)\n                stacktrace = getattr(exc, 'stacktrace', None)\n            time.sleep(self._poll)\n            if time.time() > end_time:\n                break\n>       raise TimeoutException(message, screen, stacktrace)\nE       selenium.common.exceptions.TimeoutException: Message:\n\n../../venv/lib/python3.7/site-packages/selenium/webdriver/support/wait.py:80: TimeoutException\n\nDuring handling of the above exception, another exception occurred:\n\nself = <AppiumFrameWork.tests.LoginPageTest.LoginTest testMethod=test_enterDataInAdmin>\n\n    @pytest.mark.run(order=2)\n    def test_enterDataInAdmin(self):\n>       self.gt.enterAdmin()\n\nLoginPageTest.py:21: \n_ _ _ _ _ _ _ _ _ _ _ _ _ _ _ _ _ _ _ _ _ _ _ _ _ _ _ _ _ _ _ _ _ _ _ _ _ _ _ _ _ _ _ _ _ _ _ _ _ _ _ _ _ _ _ _ _ _ _ _ _ _ _ _ _ _ _ _ _ _ _ _ _ _ _ _ _ _ _ _ _ _\n../pages/LoginPage.py:45: in enterAdmin\n    self.sendText(\"Candi\", self._enterAdmin, \"id\")\n_ _ _ _ _ _ _ _ _ _ _ _ _ _ _ _ _ _ _ _ _ _ _ _ _ _ _ _ _ _ _ _ _ _ _ _ _ _ _ _ _ _ _ _ _ _ _ _ _ _ _ _ _ _ _ _ _ _ _ _ _ _ _ _ _ _ _ _ _ _ _ _ _ _ _ _ _ _ _ _ _ _\n\nself = <AppiumFrameWork.pages.LoginPage.LoginPage object at 0x7f4ac907ad90>, text = 'Candi', locatorValue = 'com.code2lead.kwad:id/Edt_admin', locatorType = 'id'\n\n    def sendText(self, text, locatorValue, locatorType=\"id\"):\n        element = None\n        try:\n            locatorType = locatorType.lower()\n            element = self.waitForElement(locatorValue, locatorType)\n            element.send_keys(text)\n            self.log.info(\"Send text on element found with locator Type: \" + locatorType + \" and with locator value: \" + locatorValue)\n        except:\n            self.log.info(\"Unable to send text on element with locator Type: \" + locatorType + \" and with locator value: \" + locatorValue)\n            self.takeScreenShot(locatorType)\n>           assert False\nE           AssertionError\n\n../base/BasePage.py:101: AssertionError"}, "attachments": [{"name": "id", "source": "ff0ad6b8-80f5-4ab3-822b-302a402479fb-attachment.png", "type": "image/png"}, {"name": "log", "source": "953d061b-7dc7-4b65-90b2-c99715f0dde1-attachment.txt", "type": "text/plain"}, {"name": "stdout", "source": "3ad42033-07d2-4f85-9f8e-6311932c01dc-attachment.txt", "type": "text/plain"}], "start": 1603384791982, "stop": 1603384813630, "uuid": "38b4ed5e-38b6-4798-8daa-da5c0a445057", "historyId": "7a4c556c887161456fa57ed193e7c3d8", "testCaseId": "a40c4d136b740cf727260ab05848647f", "fullName": "LoginPageTest.LoginTest#test_enterDataInAdmin", "labels": [{"name": "tag", "value": "run(order=2)"}, {"name": "tag", "value": "@pytest.mark.usefixtures('beforeClass', 'setUp')"}, {"name": "suite", "value": "LoginPageTest"}, {"name": "subSuite", "value": "LoginTest"}, {"name": "host", "value": "candi-ThinkPad-E480"}, {"name": "thread", "value": "2629-MainThread"}, {"name": "framework", "value": "pytest"}, {"name": "language", "value": "cpython3"}, {"name": "package", "value": "LoginPageTest"}]}