{"name": "test_loginFailMethod", "status": "failed", "statusDetails": {"message": "AssertionError", "trace": "self = <AppiumFrameWork.tests.LoginPageTest.LoginTest testMethod=test_loginFailMethod>\n\n    @pytest.mark.run(order=1)\n    def test_loginFailMethod(self):\n        cl.allureLogs(\"App Launched.\")\n        # self.gt.clickLoginBtn()\n    \n        wait = WebDriverWait(self.driver, 20, poll_frequency=1,\n                             ignored_exceptions=[ElementNotVisibleException, ElementNotSelectableException,\n                                                 NoSuchElementException])\n        wait.until(lambda x: x.find_element_by_android_uiautomator(\n            'new UiScrollable(new UiSelector().scrollable(true)).scrollIntoView(new UiSelector().text(\"LOGIN\"))')).click()\n        self.gt.enterEmail()\n        self.gt.enterPassword2()\n        self.gt.clickOnLoginBtn()\n>       self.gt.verifyAdminScreen()\n\nLoginPageTest.py:55: \n_ _ _ _ _ _ _ _ _ _ _ _ _ _ _ _ _ _ _ _ _ _ _ _ _ _ _ _ _ _ _ _ _ _ _ _ _ _ _ _ _ _ _ _ _ _ _ _ _ _ _ _ _ _ _ _ _ _ _ _ _ _ _ _ _ _ _ _ _ _ _ _ _ _ _ _ _ _ _ _ _ _\n\nself = <AppiumFrameWork.pages.LoginPage.LoginPage object at 0x7fa0fc68c790>\n\n    def verifyAdminScreen(self):\n        adminscreen = self.isDisplayed(self._pageTitle,\"text\")\n>       assert adminscreen == True\nE       AssertionError\n\n../pages/LoginPage.py:45: AssertionError"}, "steps": [{"name": "App Launched.", "status": "passed", "start": 1603462501270, "stop": 1603462501270}, {"name": "Entered Email.", "status": "passed", "start": 1603462506944, "stop": 1603462506945}, {"name": "Entered Password.", "status": "passed", "start": 1603462508093, "stop": 1603462508093}, {"name": "Clicked on Login Button.", "status": "passed", "start": 1603462508722, "stop": 1603462508722}], "attachments": [{"name": "log", "source": "8b83d197-55c8-493e-9e78-e74d92912515-attachment.txt", "type": "text/plain"}, {"name": "stdout", "source": "00b89463-e7d6-400a-af3f-816d455cb8b6-attachment.txt", "type": "text/plain"}], "start": 1603462501270, "stop": 1603462528922, "uuid": "f5293986-f069-453c-88b2-5e5d2abe5ff3", "historyId": "95499174688509a4487d80b6410c2e58", "testCaseId": "7d78aa3e57d37254643051d36844928d", "fullName": "LoginPageTest.LoginTest#test_loginFailMethod", "labels": [{"name": "tag", "value": "@pytest.mark.usefixtures('beforeClass', 'setUp')"}, {"name": "tag", "value": "run(order=1)"}, {"name": "suite", "value": "LoginPageTest"}, {"name": "subSuite", "value": "LoginTest"}, {"name": "host", "value": "candi-ThinkPad-E480"}, {"name": "thread", "value": "17447-MainThread"}, {"name": "framework", "value": "pytest"}, {"name": "language", "value": "cpython3"}, {"name": "package", "value": "LoginPageTest"}]}