{"name": "test_loginFailMethod", "status": "failed", "statusDetails": {"message": "AssertionError", "trace": "self = <AppiumFrameWork.tests.LoginPageTest.LoginTest testMethod=test_loginFailMethod>\n\n    @pytest.mark.run(order=3)\n    def test_loginFailMethod(self):\n        cl.allureLogs(\"App Launched.\")\n        # self.gt.clickLoginBtn()\n    \n        wait = WebDriverWait(self.driver, 20, poll_frequency=1,\n                             ignored_exceptions=[ElementNotVisibleException, ElementNotSelectableException,\n                                                 NoSuchElementException])\n        wait.until(lambda x: x.find_element_by_android_uiautomator(\n            'new UiScrollable(new UiSelector().scrollable(true)).scrollIntoView(new UiSelector().text(\"LOGIN\"))')).click()\n        self.gt.enterEmail()\n        self.gt.enterPassword2()\n        self.gt.clickOnLoginBtn()\n>       self.gt.verifyAdminScreen()\n\nLoginPageTest.py:55: \n_ _ _ _ _ _ _ _ _ _ _ _ _ _ _ _ _ _ _ _ _ _ _ _ _ _ _ _ _ _ _ _ _ _ _ _ _ _ _ _ _ _ _ _ _ _ _ _ _ _ _ _ _ _ _ _ _ _ _ _ _ _ _ _ _ _ _ _ _ _ _ _ _ _ _ _ _ _ _ _ _ _\n\nself = <AppiumFrameWork.pages.LoginPage.LoginPage object at 0x7ff92090c610>\n\n    def verifyAdminScreen(self):\n        adminscreen = self.isDisplayed(self._pageTitle,\"text\")\n>       assert adminscreen == True\nE       AssertionError\n\n../pages/LoginPage.py:45: AssertionError"}, "steps": [{"name": "App Launched.", "status": "passed", "start": 1603464039666, "stop": 1603464039666}, {"name": "Entered Email.", "status": "passed", "start": 1603464045404, "stop": 1603464045404}, {"name": "Entered Password.", "status": "passed", "start": 1603464046554, "stop": 1603464046555}, {"name": "Clicked on Login Button.", "status": "passed", "start": 1603464047217, "stop": 1603464047217}], "attachments": [{"name": "text", "source": "dab1073c-7a53-43dc-9d2a-3745ca929d29-attachment.png", "type": "image/png"}, {"name": "log", "source": "1625ac22-609a-45ee-ab46-54e4e4d99b44-attachment.txt", "type": "text/plain"}, {"name": "stdout", "source": "4f928786-dce6-41e5-acfb-3c2a1005235d-attachment.txt", "type": "text/plain"}], "start": 1603464039666, "stop": 1603464068048, "uuid": "0380fcc6-2a62-4000-8241-fc2d0941a10c", "historyId": "aeb6c84858cb897d59574054d46d09e3", "testCaseId": "1512c76b4b2d60f059541c0f73c45353", "fullName": "TestSuite.LoginTest#test_loginFailMethod", "labels": [{"name": "tag", "value": "@pytest.mark.usefixtures('beforeClass', 'setUp')"}, {"name": "tag", "value": "run(order=3)"}, {"name": "suite", "value": "TestSuite"}, {"name": "subSuite", "value": "LoginTest"}, {"name": "host", "value": "candi-ThinkPad-E480"}, {"name": "thread", "value": "19927-MainThread"}, {"name": "framework", "value": "pytest"}, {"name": "language", "value": "cpython3"}, {"name": "package", "value": "TestSuite"}]}