{"name": "test_openloginpage", "status": "failed", "statusDetails": {"message": "AssertionError", "trace": "self = <AppiumFrameWork.tests.LoginPageTest.LoginTest testMethod=test_openloginpage>\n\n    @pytest.mark.run(order=1)\n    def test_openloginpage(self):\n        cl.allureLogs(\"App Launched.\")\n        #self.gt.clickLoginBtn()\n    \n        wait = WebDriverWait(self.driver, 20, poll_frequency=1,\n                             ignored_exceptions=[ElementNotVisibleException, ElementNotSelectableException,\n                                                 NoSuchElementException])\n        wait.until(lambda x: x.find_element_by_android_uiautomator(\n            'new UiScrollable(new UiSelector().scrollable(true)).scrollIntoView(new UiSelector().text(\"LOGIN\"))')).click()\n        self.gt.enterEmail()\n        self.gt.enterPassword()\n        self.gt.clickOnLoginBtn()\n>       self.gt.verifyAdminScreen()\n\nLoginPageTest.py:39: \n_ _ _ _ _ _ _ _ _ _ _ _ _ _ _ _ _ _ _ _ _ _ _ _ _ _ _ _ _ _ _ _ _ _ _ _ _ _ _ _ _ _ _ _ _ _ _ _ _ _ _ _ _ _ _ _ _ _ _ _ _ _ _ _ _ _ _ _ _ _ _ _ _ _ _ _ _ _ _ _ _ _\n\nself = <AppiumFrameWork.pages.LoginPage.LoginPage object at 0x7f09d24fe950>\n\n    def verifyAdminScreen(self):\n        adminscreen = self.isDisplayed(self._pageTitle,\"text\")\n>       assert adminscreen == True\nE       AssertionError\n\n../pages/LoginPage.py:41: AssertionError"}, "steps": [{"name": "App Launched.", "status": "passed", "start": 1603460154575, "stop": 1603460154575}, {"name": "Entered Email.", "status": "passed", "start": 1603460160485, "stop": 1603460160485}, {"name": "Entered Password.", "status": "passed", "start": 1603460161638, "stop": 1603460161638}, {"name": "Entered Password.", "status": "passed", "start": 1603460181845, "stop": 1603460181845}], "attachments": [{"name": "log", "source": "66a50a72-d790-41d4-978e-5a0740e2fb45-attachment.txt", "type": "text/plain"}, {"name": "stdout", "source": "edd1c3e7-6ef3-487c-a7e0-31a259f1b8bc-attachment.txt", "type": "text/plain"}], "start": 1603460154575, "stop": 1603460202459, "uuid": "78573b98-3b4d-41cb-ba54-b41c4194c282", "historyId": "661b8f505623194a6bc3deedb6b71506", "testCaseId": "969a6839e0554993346791e4b40389b0", "fullName": "LoginPageTest.LoginTest#test_openloginpage", "labels": [{"name": "tag", "value": "run(order=1)"}, {"name": "tag", "value": "@pytest.mark.usefixtures('beforeClass', 'setUp')"}, {"name": "suite", "value": "LoginPageTest"}, {"name": "subSuite", "value": "LoginTest"}, {"name": "host", "value": "candi-ThinkPad-E480"}, {"name": "thread", "value": "14223-MainThread"}, {"name": "framework", "value": "pytest"}, {"name": "language", "value": "cpython3"}, {"name": "package", "value": "LoginPageTest"}]}