{"name": "test_openloginpage", "status": "broken", "statusDetails": {"message": "selenium.common.exceptions.TimeoutException: Message:", "trace": "self = <AppiumFrameWork.tests.LoginPageTest.LoginTest testMethod=test_openloginpage>\n\n    @pytest.mark.run(order=1)\n    def test_openloginpage(self):\n        cl.allureLogs(\"App Launched.\")\n>       self.gt.clickLoginBtn()\n\nLoginPageTest.py:29: \n_ _ _ _ _ _ _ _ _ _ _ _ _ _ _ _ _ _ _ _ _ _ _ _ _ _ _ _ _ _ _ _ _ _ _ _ _ _ _ _ _ _ _ _ _ _ _ _ _ _ _ _ _ _ _ _ _ _ _ _ _ _ _ _ _ _ _ _ _ _ _ _ _ _ _ _ _ _ _ _ _ _\n../pages/LoginPage.py:23: in clickLoginBtn\n    self.waitForElement(self._loginButton, \"text\")\n../base/BasePage.py:37: in waitForElement\n    element = wait.until(lambda x: x.find_element_by_android_uiautomator(\n_ _ _ _ _ _ _ _ _ _ _ _ _ _ _ _ _ _ _ _ _ _ _ _ _ _ _ _ _ _ _ _ _ _ _ _ _ _ _ _ _ _ _ _ _ _ _ _ _ _ _ _ _ _ _ _ _ _ _ _ _ _ _ _ _ _ _ _ _ _ _ _ _ _ _ _ _ _ _ _ _ _\n\nself = <selenium.webdriver.support.wait.WebDriverWait (session=\"e2bfc3c0-7469-40cd-ac09-049d489a1686\")>\nmethod = <function BasePage.waitForElement.<locals>.<lambda> at 0x7f1ca2d2e320>, message = ''\n\n    def until(self, method, message=''):\n        \"\"\"Calls the method provided with the driver as an argument until the \\\n        return value is not False.\"\"\"\n        screen = None\n        stacktrace = None\n    \n        end_time = time.time() + self._timeout\n        while True:\n            try:\n                value = method(self._driver)\n                if value:\n                    return value\n            except self._ignored_exceptions as exc:\n                screen = getattr(exc, 'screen', None)\n                stacktrace = getattr(exc, 'stacktrace', None)\n            time.sleep(self._poll)\n            if time.time() > end_time:\n                break\n>       raise TimeoutException(message, screen, stacktrace)\nE       selenium.common.exceptions.TimeoutException: Message:\n\n../../venv/lib/python3.7/site-packages/selenium/webdriver/support/wait.py:80: TimeoutException"}, "steps": [{"name": "App Launched.", "status": "passed", "start": 1603457348467, "stop": 1603457348467}], "attachments": [{"name": "stdout", "source": "e83d37f9-e8ae-4a18-8d43-8712e6dfb5f1-attachment.txt", "type": "text/plain"}], "start": 1603457348466, "stop": 1603457368926, "uuid": "28642e28-d91b-492b-b046-34b2c7a4d218", "historyId": "661b8f505623194a6bc3deedb6b71506", "testCaseId": "969a6839e0554993346791e4b40389b0", "fullName": "LoginPageTest.LoginTest#test_openloginpage", "labels": [{"name": "tag", "value": "@pytest.mark.usefixtures('beforeClass', 'setUp')"}, {"name": "tag", "value": "run(order=1)"}, {"name": "suite", "value": "LoginPageTest"}, {"name": "subSuite", "value": "LoginTest"}, {"name": "host", "value": "candi-ThinkPad-E480"}, {"name": "thread", "value": "10088-MainThread"}, {"name": "framework", "value": "pytest"}, {"name": "language", "value": "cpython3"}, {"name": "package", "value": "LoginPageTest"}]}